Flutter crash report; please file at https://github.com/flutter/flutter/issues.

## command

flutter run

## exception

FileSystemException: FileSystemException: Cannot copy file to 'C:\Users\searu\Coding\Flutter\UI tests\widgets\build\app\outputs\apk\app.apk', path = 'C:\Users\searu\Coding\Flutter\UI tests\widgets\build\app\outputs\apk\debug\app-debug.apk' (OS Error: There is not enough space on the disk.
, errno = 112)

```
#0      _File.throwIfError (dart:io/file_impl.dart:647)
#1      _File.copySync (dart:io/file_impl.dart:352)
#2      LocalFileSystemEntity&ForwardingFile.copySync (package:file/src/forwarding/forwarding_file.dart:29)
#3      _buildGradleProjectV2 (package:flutter_tools/src/android/gradle.dart:410)
<asynchronous suspension>
#4      buildGradleProject (package:flutter_tools/src/android/gradle.dart:318)
<asynchronous suspension>
#5      buildApk (package:flutter_tools/src/android/apk.dart:36)
<asynchronous suspension>
#6      AndroidDevice.startApp (package:flutter_tools/src/android/android_device.dart:377)
<asynchronous suspension>
#7      FlutterDevice.runHot (package:flutter_tools/src/resident_runner.dart:289)
<asynchronous suspension>
#8      HotRunner.run (package:flutter_tools/src/run_hot.dart:216)
<asynchronous suspension>
#9      RunCommand.runCommand (package:flutter_tools/src/commands/run.dart:395)
<asynchronous suspension>
#10     FlutterCommand.verifyThenRunCommand (package:flutter_tools/src/runner/flutter_command.dart:344)
<asynchronous suspension>
#11     FlutterCommand.run.<anonymous closure> (package:flutter_tools/src/runner/flutter_command.dart:279)
<asynchronous suspension>
#12     AppContext.run.<anonymous closure> (package:flutter_tools/src/base/context.dart:142)
<asynchronous suspension>
#13     _rootRun (dart:async/zone.dart:1126)
#14     _CustomZone.run (dart:async/zone.dart:1023)
#15     runZoned (dart:async/zone.dart:1501)
#16     AppContext.run (package:flutter_tools/src/base/context.dart:141)
<asynchronous suspension>
#17     FlutterCommand.run (package:flutter_tools/src/runner/flutter_command.dart:270)
#18     CommandRunner.runCommand (package:args/command_runner.dart:194)
<asynchronous suspension>
#19     FlutterCommandRunner.runCommand.<anonymous closure> (package:flutter_tools/src/runner/flutter_command_runner.dart:309)
<asynchronous suspension>
#20     AppContext.run.<anonymous closure> (package:flutter_tools/src/base/context.dart:142)
<asynchronous suspension>
#21     _rootRun (dart:async/zone.dart:1126)
#22     _CustomZone.run (dart:async/zone.dart:1023)
#23     runZoned (dart:async/zone.dart:1501)
#24     AppContext.run (package:flutter_tools/src/base/context.dart:141)
<asynchronous suspension>
#25     FlutterCommandRunner.runCommand (package:flutter_tools/src/runner/flutter_command_runner.dart:265)
<asynchronous suspension>
#26     CommandRunner.run.<anonymous closure> (package:args/command_runner.dart:109)
#27     new Future.sync (dart:async/future.dart:222)
#28     CommandRunner.run (package:args/command_runner.dart:109)
#29     FlutterCommandRunner.run (package:flutter_tools/src/runner/flutter_command_runner.dart:174)
#30     run.<anonymous closure> (package:flutter_tools/runner.dart:59)
<asynchronous suspension>
#31     AppContext.run.<anonymous closure> (package:flutter_tools/src/base/context.dart:142)
<asynchronous suspension>
#32     _rootRun (dart:async/zone.dart:1126)
#33     _CustomZone.run (dart:async/zone.dart:1023)
#34     runZoned (dart:async/zone.dart:1501)
#35     AppContext.run (package:flutter_tools/src/base/context.dart:141)
<asynchronous suspension>
#36     runInContext (package:flutter_tools/src/context_runner.dart:43)
<asynchronous suspension>
#37     run (package:flutter_tools/runner.dart:50)
#38     main (package:flutter_tools/executable.dart:49)
<asynchronous suspension>
#39     main (file:///C:/Users/searu/flutter/packages/flutter_tools/bin/flutter_tools.dart:8)
#40     _startIsolate.<anonymous closure> (dart:isolate-patch/dart:isolate/isolate_patch.dart:277)
#41     _RawReceivePortImpl._handleMessage (dart:isolate-patch/dart:isolate/isolate_patch.dart:165)
```

## flutter doctor

```
[✓] Flutter (Channel beta, v0.5.1, on Microsoft Windows [Version 10.0.17134.81], locale en-US)
    • Flutter version 0.5.1 at C:\Users\searu\flutter
    • Framework revision c7ea3ca377 (5 weeks ago), 2018-05-29 21:07:33 +0200
    • Engine revision 1ed25ca7b7
    • Dart version 2.0.0-dev.58.0.flutter-f981f09760

[✓] Android toolchain - develop for Android devices (Android SDK 27.0.3)
    • Android SDK at C:\Users\searu\AppData\Local\Android\sdk
    • Android NDK location not configured (optional; useful for native profiling support)
    • Platform android-27, build-tools 27.0.3
    • Java binary at: C:\Program Files (x86)\Android\jre\bin\java
    • Java version OpenJDK Runtime Environment (build 1.8.0_152-release-1024-b02)
    • All Android licenses accepted.

[✓] Android Studio (version 3.1)
    • Android Studio at C:\Program Files (x86)\Android
    • Flutter plugin version 26.0.1
    • Dart plugin version 173.4700
    • Java version OpenJDK Runtime Environment (build 1.8.0_152-release-1024-b02)

[!] VS Code, 32-bit edition (version 1.24.1)
    • VS Code at C:\Program Files (x86)\Microsoft VS Code
    • Flutter extension not installed; install from
      https://marketplace.visualstudio.com/items?itemName=Dart-Code.flutter

[✓] Connected devices (1 available)
    • SM G950U1 • 988861314d554d4f52 • android-arm64 • Android 8.0.0 (API 26)

! Doctor found issues in 1 category.
```
